Determining if the pthread_create exist failed with the following output:
Change Dir: /vagrant/nav/build/CMakeFiles/CMakeTmp

Run Build Command:/usr/bin/make "cmTryCompileExec2261034615/fast"
make[1]: Entering directory `/vagrant/nav/build/CMakeFiles/CMakeTmp'
make[1]: Warning: File `Makefile' has modification time 4.1e+02 s in the future
/usr/bin/make -f CMakeFiles/cmTryCompileExec2261034615.dir/build.make CMakeFiles/cmTryCompileExec2261034615.dir/build
make[2]: Entering directory `/vagrant/nav/build/CMakeFiles/CMakeTmp'
make[2]: Warning: File `CMakeFiles/cmTryCompileExec2261034615.dir/flags.make' has modification time 4.1e+02 s in the future
/usr/bin/cmake -E cmake_progress_report /vagrant/nav/build/CMakeFiles/CMakeTmp/CMakeFiles 1
Building C object CMakeFiles/cmTryCompileExec2261034615.dir/CheckSymbolExists.c.o
/usr/bin/cc    -o CMakeFiles/cmTryCompileExec2261034615.dir/CheckSymbolExists.c.o   -c /vagrant/nav/build/CMakeFiles/CMakeTmp/CheckSymbolExists.c
Linking C executable cmTryCompileExec2261034615
/usr/bin/cmake -E cmake_link_script CMakeFiles/cmTryCompileExec2261034615.dir/link.txt --verbose=1
/usr/bin/cc       CMakeFiles/cmTryCompileExec2261034615.dir/CheckSymbolExists.c.o  -o cmTryCompileExec2261034615 -rdynamic 
CMakeFiles/cmTryCompileExec2261034615.dir/CheckSymbolExists.c.o: In function `main':
CheckSymbolExists.c:(.text+0x16): undefined reference to `pthread_create'
collect2: error: ld returned 1 exit status
make[2]: *** [cmTryCompileExec2261034615] Error 1
make[2]: Leaving directory `/vagrant/nav/build/CMakeFiles/CMakeTmp'
make[1]: *** [cmTryCompileExec2261034615/fast] Error 2
make[1]: Leaving directory `/vagrant/nav/build/CMakeFiles/CMakeTmp'

File /vagrant/nav/build/CMakeFiles/CMakeTmp/CheckSymbolExists.c:
/* */
#include <pthread.h>

int main(int argc, char** argv)
{
  (void)argv;
#ifndef pthread_create
  return ((int*)(&pthread_create))[argc];
#else
  (void)argc;
  return 0;
#endif
}

Determining if the function pthread_create exists in the pthreads failed with the following output:
Change Dir: /vagrant/nav/build/CMakeFiles/CMakeTmp

Run Build Command:/usr/bin/make "cmTryCompileExec393559716/fast"
make[1]: Entering directory `/vagrant/nav/build/CMakeFiles/CMakeTmp'
make[1]: Warning: File `Makefile' has modification time 4.1e+02 s in the future
/usr/bin/make -f CMakeFiles/cmTryCompileExec393559716.dir/build.make CMakeFiles/cmTryCompileExec393559716.dir/build
make[2]: Entering directory `/vagrant/nav/build/CMakeFiles/CMakeTmp'
make[2]: Warning: File `CMakeFiles/cmTryCompileExec393559716.dir/flags.make' has modification time 4.1e+02 s in the future
/usr/bin/cmake -E cmake_progress_report /vagrant/nav/build/CMakeFiles/CMakeTmp/CMakeFiles 1
Building C object CMakeFiles/cmTryCompileExec393559716.dir/CheckFunctionExists.c.o
/usr/bin/cc   -DCHECK_FUNCTION_EXISTS=pthread_create   -o CMakeFiles/cmTryCompileExec393559716.dir/CheckFunctionExists.c.o   -c /usr/share/cmake-2.8/Modules/CheckFunctionExists.c
Linking C executable cmTryCompileExec393559716
/usr/bin/cmake -E cmake_link_script CMakeFiles/cmTryCompileExec393559716.dir/link.txt --verbose=1
/usr/bin/cc   -DCHECK_FUNCTION_EXISTS=pthread_create    CMakeFiles/cmTryCompileExec393559716.dir/CheckFunctionExists.c.o  -o cmTryCompileExec393559716 -rdynamic -lpthreads 
/usr/bin/ld: cannot find -lpthreads
collect2: error: ld returned 1 exit status
make[2]: *** [cmTryCompileExec393559716] Error 1
make[2]: Leaving directory `/vagrant/nav/build/CMakeFiles/CMakeTmp'
make[1]: *** [cmTryCompileExec393559716/fast] Error 2
make[1]: Leaving directory `/vagrant/nav/build/CMakeFiles/CMakeTmp'


